# JRE version: OpenJDK Runtime Environment Temurin-17.0.7+7 (17.0.7+7) (build 17.0.7+7)
# Java VM: OpenJDK 64-Bit Server VM Temurin-17.0.7+7 (17.0.7+7, mixed mode, tiered, compressed oops, compressed class ptrs, parallel gc, windows-amd64)
GC Precious Log:
 CPUs: 8 total, 8 available
 Memory: 8108M
 Large Page Support: Disabled
 NUMA Support: Disabled
 Compressed Oops: Enabled (32-bit)
 Alignments: Space 512K, Generation 512K, Heap 2M
 Heap Min Capacity: 100M
 Heap Initial Capacity: 100M
 Heap Max Capacity: 1G
 Pre-touch: Disabled
 Parallel Workers: 8
Heap:
 PSYoungGen      total 19456K, used 6780K [0x00000000eab00000, 0x00000000ec280000, 0x0000000100000000)
  eden space 18944K, 33% used [0x00000000eab00000,0x00000000eb11f290,0x00000000ebd80000)
  from space 512K, 100% used [0x00000000ec000000,0x00000000ec080000,0x00000000ec080000)
  to   space 2048K, 0% used [0x00000000ec080000,0x00000000ec080000,0x00000000ec280000)
 ParOldGen       total 68608K, used 38164K [0x00000000c0000000, 0x00000000c4300000, 0x00000000eab00000)
  object space 68608K, 55% used [0x00000000c0000000,0x00000000c2545138,0x00000000c4300000)
 Metaspace       used 59281K, committed 60288K, reserved 1114112K
  class space    used 6487K, committed 6912K, reserved 1048576K
GC Heap History (20 events):
Event: 15.343 GC heap before
{Heap before GC invocations=23 (full 2):
 PSYoungGen      total 20992K, used 20963K [0x00000000eab00000, 0x00000000eca00000, 0x0000000100000000)
  eden space 18944K, 100% used [0x00000000eab00000,0x00000000ebd80000,0x00000000ebd80000)
  from space 2048K, 98% used [0x00000000ec300000,0x00000000ec4f8f90,0x00000000ec500000)
  to   space 5632K, 0% used [0x00000000ebd80000,0x00000000ebd80000,0x00000000ec300000)
 ParOldGen       total 68608K, used 30272K [0x00000000c0000000, 0x00000000c4300000, 0x00000000eab00000)
  object space 68608K, 44% used [0x00000000c0000000,0x00000000c1d901c8,0x00000000c4300000)
 Metaspace       used 52517K, committed 53440K, reserved 1114112K
  class space    used 5827K, committed 6208K, reserved 1048576K
}
Event: 15.348 GC heap after
{Heap after GC invocations=23 (full 2):
 PSYoungGen      total 19456K, used 288K [0x00000000eab00000, 0x00000000ec380000, 0x0000000100000000)
  eden space 18944K, 0% used [0x00000000eab00000,0x00000000eab00000,0x00000000ebd80000)
  from space 512K, 56% used [0x00000000ebd80000,0x00000000ebdc8000,0x00000000ebe00000)
  to   space 2048K, 0% used [0x00000000ec180000,0x00000000ec180000,0x00000000ec380000)
 ParOldGen       total 68608K, used 32318K [0x00000000c0000000, 0x00000000c4300000, 0x00000000eab00000)
  object space 68608K, 47% used [0x00000000c0000000,0x00000000c1f8f830,0x00000000c4300000)
 Metaspace       used 52517K, committed 53440K, reserved 1114112K
  class space    used 5827K, committed 6208K, reserved 1048576K
}
Event: 15.984 GC heap before
{Heap before GC invocations=24 (full 2):
 PSYoungGen      total 19456K, used 19232K [0x00000000eab00000, 0x00000000ec380000, 0x0000000100000000)
  eden space 18944K, 100% used [0x00000000eab00000,0x00000000ebd80000,0x00000000ebd80000)
  from space 512K, 56% used [0x00000000ebd80000,0x00000000ebdc8000,0x00000000ebe00000)
  to   space 2048K, 0% used [0x00000000ec180000,0x00000000ec180000,0x00000000ec380000)
 ParOldGen       total 68608K, used 32318K [0x00000000c0000000, 0x00000000c4300000, 0x00000000eab00000)
  object space 68608K, 47% used [0x00000000c0000000,0x00000000c1f8f830,0x00000000c4300000)
 Metaspace       used 54328K, committed 55232K, reserved 1114112K
  class space    used 6032K, committed 6400K, reserved 1048576K
}
Event: 15.992 GC heap after
{Heap after GC invocations=24 (full 2):
 PSYoungGen      total 19968K, used 977K [0x00000000eab00000, 0x00000000ec280000, 0x0000000100000000)
  eden space 18944K, 0% used [0x00000000eab00000,0x00000000eab00000,0x00000000ebd80000)
  from space 1024K, 95% used [0x00000000ec180000,0x00000000ec274458,0x00000000ec280000)
  to   space 1536K, 0% used [0x00000000ebf80000,0x00000000ebf80000,0x00000000ec100000)
 ParOldGen       total 68608K, used 32454K [0x00000000c0000000, 0x00000000c4300000, 0x00000000eab00000)
  object space 68608K, 47% used [0x00000000c0000000,0x00000000c1fb1840,0x00000000c4300000)
 Metaspace       used 54328K, committed 55232K, reserved 1114112K
  class space    used 6032K, committed 6400K, reserved 1048576K
}
Event: 16.604 GC heap before
{Heap before GC invocations=25 (full 2):
 PSYoungGen      total 19968K, used 19921K [0x00000000eab00000, 0x00000000ec280000, 0x0000000100000000)
  eden space 18944K, 100% used [0x00000000eab00000,0x00000000ebd80000,0x00000000ebd80000)
  from space 1024K, 95% used [0x00000000ec180000,0x00000000ec274458,0x00000000ec280000)
  to   space 1536K, 0% used [0x00000000ebf80000,0x00000000ebf80000,0x00000000ec100000)
 ParOldGen       total 68608K, used 32454K [0x00000000c0000000, 0x00000000c4300000, 0x00000000eab00000)
  object space 68608K, 47% used [0x00000000c0000000,0x00000000c1fb1840,0x00000000c4300000)
 Metaspace       used 55667K, committed 56576K, reserved 1114112K
  class space    used 6143K, committed 6528K, reserved 1048576K
}
Event: 16.612 GC heap after
{Heap after GC invocations=25 (full 2):
 PSYoungGen      total 20480K, used 881K [0x00000000eab00000, 0x00000000ec200000, 0x0000000100000000)
  eden space 18944K, 0% used [0x00000000eab00000,0x00000000eab00000,0x00000000ebd80000)
  from space 1536K, 57% used [0x00000000ebf80000,0x00000000ec05c520,0x00000000ec100000)
  to   space 1024K, 0% used [0x00000000ec100000,0x00000000ec100000,0x00000000ec200000)
 ParOldGen       total 68608K, used 33326K [0x00000000c0000000, 0x00000000c4300000, 0x00000000eab00000)
  object space 68608K, 48% used [0x00000000c0000000,0x00000000c208b9f0,0x00000000c4300000)
 Metaspace       used 55667K, committed 56576K, reserved 1114112K
  class space    used 6143K, committed 6528K, reserved 1048576K
}
Event: 21.538 GC heap before
{Heap before GC invocations=26 (full 2):
 PSYoungGen      total 20480K, used 19825K [0x00000000eab00000, 0x00000000ec200000, 0x0000000100000000)
  eden space 18944K, 100% used [0x00000000eab00000,0x00000000ebd80000,0x00000000ebd80000)
  from space 1536K, 57% used [0x00000000ebf80000,0x00000000ec05c520,0x00000000ec100000)
  to   space 1024K, 0% used [0x00000000ec100000,0x00000000ec100000,0x00000000ec200000)
 ParOldGen       total 68608K, used 33326K [0x00000000c0000000, 0x00000000c4300000, 0x00000000eab00000)
  object space 68608K, 48% used [0x00000000c0000000,0x00000000c208b9f0,0x00000000c4300000)
 Metaspace       used 57994K, committed 58944K, reserved 1114112K
  class space    used 6409K, committed 6784K, reserved 1048576K
}
Event: 21.541 GC heap after
{Heap after GC invocations=26 (full 2):
 PSYoungGen      total 19968K, used 1016K [0x00000000eab00000, 0x00000000ec200000, 0x0000000100000000)
  eden space 18944K, 0% used [0x00000000eab00000,0x00000000eab00000,0x00000000ebd80000)
  from space 1024K, 99% used [0x00000000ec100000,0x00000000ec1fe0d8,0x00000000ec200000)
  to   space 2048K, 0% used [0x00000000ebe00000,0x00000000ebe00000,0x00000000ec000000)
 ParOldGen       total 68608K, used 34053K [0x00000000c0000000, 0x00000000c4300000, 0x00000000eab00000)
  object space 68608K, 49% used [0x00000000c0000000,0x00000000c21417e8,0x00000000c4300000)
 Metaspace       used 57994K, committed 58944K, reserved 1114112K
  class space    used 6409K, committed 6784K, reserved 1048576K
}
Event: 421.546 GC heap before
{Heap before GC invocations=27 (full 2):
 PSYoungGen      total 19968K, used 19960K [0x00000000eab00000, 0x00000000ec200000, 0x0000000100000000)
  eden space 18944K, 100% used [0x00000000eab00000,0x00000000ebd80000,0x00000000ebd80000)
  from space 1024K, 99% used [0x00000000ec100000,0x00000000ec1fe0d8,0x00000000ec200000)
  to   space 2048K, 0% used [0x00000000ebe00000,0x00000000ebe00000,0x00000000ec000000)
 ParOldGen       total 68608K, used 34053K [0x00000000c0000000, 0x00000000c4300000, 0x00000000eab00000)
  object space 68608K, 49% used [0x00000000c0000000,0x00000000c21417e8,0x00000000c4300000)
 Metaspace       used 58531K, committed 59520K, reserved 1114112K
  class space    used 6441K, committed 6912K, reserved 1048576K
}
Event: 421.549 GC heap after
{Heap after GC invocations=27 (full 2):
 PSYoungGen      total 20992K, used 288K [0x00000000eab00000, 0x00000000ec180000, 0x0000000100000000)
  eden space 18944K, 0% used [0x00000000eab00000,0x00000000eab00000,0x00000000ebd80000)
  from space 2048K, 14% used [0x00000000ebe00000,0x00000000ebe48000,0x00000000ec000000)
  to   space 1024K, 0% used [0x00000000ec080000,0x00000000ec080000,0x00000000ec180000)
 ParOldGen       total 68608K, used 35074K [0x00000000c0000000, 0x00000000c4300000, 0x00000000eab00000)
  object space 68608K, 51% used [0x00000000c0000000,0x00000000c2240b28,0x00000000c4300000)
 Metaspace       used 58531K, committed 59520K, reserved 1114112K
  class space    used 6441K, committed 6912K, reserved 1048576K
}
Event: 473.924 GC heap before
{Heap before GC invocations=28 (full 2):
 PSYoungGen      total 20992K, used 19232K [0x00000000eab00000, 0x00000000ec180000, 0x0000000100000000)
  eden space 18944K, 100% used [0x00000000eab00000,0x00000000ebd80000,0x00000000ebd80000)
  from space 2048K, 14% used [0x00000000ebe00000,0x00000000ebe48000,0x00000000ec000000)
  to   space 1024K, 0% used [0x00000000ec080000,0x00000000ec080000,0x00000000ec180000)
 ParOldGen       total 68608K, used 35074K [0x00000000c0000000, 0x00000000c4300000, 0x00000000eab00000)
  object space 68608K, 51% used [0x00000000c0000000,0x00000000c2240b28,0x00000000c4300000)
 Metaspace       used 58711K, committed 59776K, reserved 1114112K
  class space    used 6441K, committed 6912K, reserved 1048576K
}
Event: 473.926 GC heap after
{Heap after GC invocations=28 (full 2):
 PSYoungGen      total 19456K, used 224K [0x00000000eab00000, 0x00000000ec100000, 0x0000000100000000)
  eden space 18944K, 0% used [0x00000000eab00000,0x00000000eab00000,0x00000000ebd80000)
  from space 512K, 43% used [0x00000000ec080000,0x00000000ec0b8000,0x00000000ec100000)
  to   space 512K, 0% used [0x00000000ec000000,0x00000000ec000000,0x00000000ec080000)
 ParOldGen       total 68608K, used 35202K [0x00000000c0000000, 0x00000000c4300000, 0x00000000eab00000)
  object space 68608K, 51% used [0x00000000c0000000,0x00000000c2260b28,0x00000000c4300000)
 Metaspace       used 58711K, committed 59776K, reserved 1114112K
  class space    used 6441K, committed 6912K, reserved 1048576K
}
Event: 513.297 GC heap before
{Heap before GC invocations=29 (full 2):
 PSYoungGen      total 19456K, used 8799K [0x00000000eab00000, 0x00000000ec100000, 0x0000000100000000)
  eden space 18944K, 45% used [0x00000000eab00000,0x00000000eb35fd90,0x00000000ebd80000)
  from space 512K, 43% used [0x00000000ec080000,0x00000000ec0b8000,0x00000000ec100000)
  to   space 512K, 0% used [0x00000000ec000000,0x00000000ec000000,0x00000000ec080000)
 ParOldGen       total 68608K, used 35202K [0x00000000c0000000, 0x00000000c4300000, 0x00000000eab00000)
  object space 68608K, 51% used [0x00000000c0000000,0x00000000c2260b28,0x00000000c4300000)
 Metaspace       used 58804K, committed 59776K, reserved 1114112K
  class space    used 6441K, committed 6912K, reserved 1048576K
}
Event: 513.300 GC heap after
{Heap after GC invocations=29 (full 2):
 PSYoungGen      total 19456K, used 240K [0x00000000eab00000, 0x00000000ec100000, 0x0000000100000000)
  eden space 18944K, 0% used [0x00000000eab00000,0x00000000eab00000,0x00000000ebd80000)
  from space 512K, 46% used [0x00000000ec000000,0x00000000ec03c010,0x00000000ec080000)
  to   space 512K, 0% used [0x00000000ec080000,0x00000000ec080000,0x00000000ec100000)
 ParOldGen       total 68608K, used 35258K [0x00000000c0000000, 0x00000000c4300000, 0x00000000eab00000)
  object space 68608K, 51% used [0x00000000c0000000,0x00000000c226eb28,0x00000000c4300000)
 Metaspace       used 58804K, committed 59776K, reserved 1114112K
  class space    used 6441K, committed 6912K, reserved 1048576K
}
Event: 513.300 GC heap before
{Heap before GC invocations=30 (full 3):
 PSYoungGen      total 19456K, used 240K [0x00000000eab00000, 0x00000000ec100000, 0x0000000100000000)
  eden space 18944K, 0% used [0x00000000eab00000,0x00000000eab00000,0x00000000ebd80000)
  from space 512K, 46% used [0x00000000ec000000,0x00000000ec03c010,0x00000000ec080000)
  to   space 512K, 0% used [0x00000000ec080000,0x00000000ec080000,0x00000000ec100000)
 ParOldGen       total 68608K, used 35258K [0x00000000c0000000, 0x00000000c4300000, 0x00000000eab00000)
  object space 68608K, 51% used [0x00000000c0000000,0x00000000c226eb28,0x00000000c4300000)
 Metaspace       used 58804K, committed 59776K, reserved 1114112K
  class space    used 6441K, committed 6912K, reserved 1048576K
}
Event: 513.427 GC heap after
{Heap after GC invocations=30 (full 3):
 PSYoungGen      total 19456K, used 0K [0x00000000eab00000, 0x00000000ec100000, 0x0000000100000000)
  eden space 18944K, 0% used [0x00000000eab00000,0x00000000eab00000,0x00000000ebd80000)
  from space 512K, 0% used [0x00000000ec000000,0x00000000ec000000,0x00000000ec080000)
  to   space 512K, 0% used [0x00000000ec080000,0x00000000ec080000,0x00000000ec100000)
 ParOldGen       total 68608K, used 33576K [0x00000000c0000000, 0x00000000c4300000, 0x00000000eab00000)
  object space 68608K, 48% used [0x00000000c0000000,0x00000000c20ca168,0x00000000c4300000)
 Metaspace       used 58802K, committed 59776K, reserved 1114112K
  class space    used 6440K, committed 6912K, reserved 1048576K
}
Event: 531.594 GC heap before
{Heap before GC invocations=31 (full 3):
 PSYoungGen      total 19456K, used 18944K [0x00000000eab00000, 0x00000000ec100000, 0x0000000100000000)
  eden space 18944K, 100% used [0x00000000eab00000,0x00000000ebd80000,0x00000000ebd80000)
  from space 512K, 0% used [0x00000000ec000000,0x00000000ec000000,0x00000000ec080000)
  to   space 512K, 0% used [0x00000000ec080000,0x00000000ec080000,0x00000000ec100000)
 ParOldGen       total 68608K, used 33576K [0x00000000c0000000, 0x00000000c4300000, 0x00000000eab00000)
  object space 68608K, 48% used [0x00000000c0000000,0x00000000c20ca168,0x00000000c4300000)
 Metaspace       used 58884K, committed 59904K, reserved 1114112K
  class space    used 6446K, committed 6912K, reserved 1048576K
}
Event: 531.600 GC heap after
{Heap after GC invocations=31 (full 3):
 PSYoungGen      total 19456K, used 512K [0x00000000eab00000, 0x00000000ec100000, 0x0000000100000000)
  eden space 18944K, 0% used [0x00000000eab00000,0x00000000eab00000,0x00000000ebd80000)
  from space 512K, 100% used [0x00000000ec080000,0x00000000ec100000,0x00000000ec100000)
  to   space 512K, 0% used [0x00000000ec000000,0x00000000ec000000,0x00000000ec080000)
 ParOldGen       total 68608K, used 37092K [0x00000000c0000000, 0x00000000c4300000, 0x00000000eab00000)
  object space 68608K, 54% used [0x00000000c0000000,0x00000000c2439138,0x00000000c4300000)
 Metaspace       used 58884K, committed 59904K, reserved 1114112K
  class space    used 6446K, committed 6912K, reserved 1048576K
}
Event: 531.660 GC heap before
{Heap before GC invocations=32 (full 3):
 PSYoungGen      total 19456K, used 19456K [0x00000000eab00000, 0x00000000ec100000, 0x0000000100000000)
  eden space 18944K, 100% used [0x00000000eab00000,0x00000000ebd80000,0x00000000ebd80000)
  from space 512K, 100% used [0x00000000ec080000,0x00000000ec100000,0x00000000ec100000)
  to   space 512K, 0% used [0x00000000ec000000,0x00000000ec000000,0x00000000ec080000)
 ParOldGen       total 68608K, used 37092K [0x00000000c0000000, 0x00000000c4300000, 0x00000000eab00000)
  object space 68608K, 54% used [0x00000000c0000000,0x00000000c2439138,0x00000000c4300000)
 Metaspace       used 58884K, committed 59904K, reserved 1114112K
  class space    used 6446K, committed 6912K, reserved 1048576K
}
Event: 531.664 GC heap after
{Heap after GC invocations=32 (full 3):
 PSYoungGen      total 19456K, used 512K [0x00000000eab00000, 0x00000000ec280000, 0x0000000100000000)
  eden space 18944K, 0% used [0x00000000eab00000,0x00000000eab00000,0x00000000ebd80000)
  from space 512K, 100% used [0x00000000ec000000,0x00000000ec080000,0x00000000ec080000)
  to   space 2048K, 0% used [0x00000000ec080000,0x00000000ec080000,0x00000000ec280000)
 ParOldGen       total 68608K, used 38164K [0x00000000c0000000, 0x00000000c4300000, 0x00000000eab00000)
  object space 68608K, 55% used [0x00000000c0000000,0x00000000c2545138,0x00000000c4300000)
 Metaspace       used 58884K, committed 59904K, reserved 1114112K
  class space    used 6446K, committed 6912K, reserved 1048576K
}

